<?xml version="1.0" encoding="UTF-8"?>
<!-- Generated by org.testng.reporters.JUnitReportReporter -->
<testsuite skipped="0" hostname="DESKTOP-L51FUC3" name="com.Amazon.Test.testcase1" tests="1" failures="0" timestamp="28 Apr 2020 08:20:02 GMT" time="14.436" errors="0">
  <testcase name="test" time="14.436" classname="com.Amazon.Test.testcase1"/>
</testsuite> <!-- com.Amazon.Test.testcase1 -->
