<?xml version="1.0" encoding="UTF-8"?>
<!-- Generated by org.testng.reporters.JUnitReportReporter -->
<testsuite skipped="0" hostname="DESKTOP-L51FUC3" name="com.Amazon.Test.testcase1" tests="1" failures="0" timestamp="05 May 2020 10:42:55 GMT" time="4.720" errors="0">
  <testcase name="Ftest" time="4.720" classname="com.Amazon.Test.testcase1"/>
</testsuite> <!-- com.Amazon.Test.testcase1 -->
