<?xml version="1.0" encoding="UTF-8"?>
<!-- Generated by org.testng.reporters.JUnitReportReporter -->
<testsuite skipped="0" hostname="DESKTOP-L51FUC3" name="AmazonTest.com.Amazon.Test.AppTest" tests="1" failures="0" timestamp="05 May 2020 10:42:55 GMT" time="72.690" errors="0">
  <testcase name="runTest" time="72.690" classname="AmazonTest.com.Amazon.Test.AppTest"/>
</testsuite> <!-- AmazonTest.com.Amazon.Test.AppTest -->
