<?xml version="1.0" encoding="UTF-8"?>
<!-- Generated by org.testng.reporters.JUnitReportReporter -->
<testsuite skipped="0" hostname="DESKTOP-L51FUC3" name="AmazonTest.com.Amazon.Test.AppTest" tests="1" failures="0" timestamp="28 Apr 2020 08:20:02 GMT" time="58.544" errors="0">
  <testcase name="runTest" time="58.544" classname="AmazonTest.com.Amazon.Test.AppTest"/>
</testsuite> <!-- AmazonTest.com.Amazon.Test.AppTest -->
